<?xml version="1.0" encoding="UTF-8"?>
<testsuite xmlns:xsi="http://www.w3.org/2001/XMLSchema-instance" xsi:noNamespaceSchemaLocation="https://maven.apache.org/surefire/maven-surefire-plugin/xsd/surefire-test-report.xsd" name="com.mysaly.bookkeeping.BookkeepingApplicationTests" time="1.29" tests="1" errors="0" skipped="0" failures="0">
  <properties>
    <property name="java.specification.version" value="13"/>
    <property name="sun.jnu.encoding" value="UTF-8"/>
    <property name="java.class.path" value="/home/bootlooparn/Gitlab/mysaly-bookkeeping/target/test-classes:/home/bootlooparn/Gitlab/mysaly-bookkeeping/target/classes:/home/bootlooparn/.m2/repository/com/fasterxml/jackson/core/jackson-databind/2.11.3/jackson-databind-2.11.3.jar:/home/bootlooparn/.m2/repository/com/fasterxml/jackson/core/jackson-annotations/2.11.4/jackson-annotations-2.11.4.jar:/home/bootlooparn/.m2/repository/com/fasterxml/jackson/core/jackson-core/2.11.4/jackson-core-2.11.4.jar:/home/bootlooparn/.m2/repository/com/vaadin/external/google/android-json/0.0.20131108.vaadin1/android-json-0.0.20131108.vaadin1.jar:/home/bootlooparn/.m2/repository/org/projectlombok/lombok/1.18.18/lombok-1.18.18.jar:/home/bootlooparn/.m2/repository/org/hibernate/hibernate-core/5.4.27.Final/hibernate-core-5.4.27.Final.jar:/home/bootlooparn/.m2/repository/org/jboss/logging/jboss-logging/3.4.1.Final/jboss-logging-3.4.1.Final.jar:/home/bootlooparn/.m2/repository/javax/persistence/javax.persistence-api/2.2/javax.persistence-api-2.2.jar:/home/bootlooparn/.m2/repository/org/javassist/javassist/3.27.0-GA/javassist-3.27.0-GA.jar:/home/bootlooparn/.m2/repository/net/bytebuddy/byte-buddy/1.10.19/byte-buddy-1.10.19.jar:/home/bootlooparn/.m2/repository/antlr/antlr/2.7.7/antlr-2.7.7.jar:/home/bootlooparn/.m2/repository/org/jboss/spec/javax/transaction/jboss-transaction-api_1.2_spec/1.1.1.Final/jboss-transaction-api_1.2_spec-1.1.1.Final.jar:/home/bootlooparn/.m2/repository/org/jboss/jandex/2.1.3.Final/jandex-2.1.3.Final.jar:/home/bootlooparn/.m2/repository/com/fasterxml/classmate/1.5.1/classmate-1.5.1.jar:/home/bootlooparn/.m2/repository/javax/activation/javax.activation-api/1.2.0/javax.activation-api-1.2.0.jar:/home/bootlooparn/.m2/repository/org/dom4j/dom4j/2.1.3/dom4j-2.1.3.jar:/home/bootlooparn/.m2/repository/org/hibernate/common/hibernate-commons-annotations/5.1.2.Final/hibernate-commons-annotations-5.1.2.Final.jar:/home/bootlooparn/.m2/repository/javax/xml/bind/jaxb-api/2.3.1/jaxb-api-2.3.1.jar:/home/bootlooparn/.m2/repository/org/glassfish/jaxb/jaxb-runtime/2.3.3/jaxb-runtime-2.3.3.jar:/home/bootlooparn/.m2/repository/org/glassfish/jaxb/txw2/2.3.3/txw2-2.3.3.jar:/home/bootlooparn/.m2/repository/com/sun/istack/istack-commons-runtime/3.0.11/istack-commons-runtime-3.0.11.jar:/home/bootlooparn/.m2/repository/com/sun/activation/jakarta.activation/1.2.2/jakarta.activation-1.2.2.jar:/home/bootlooparn/.m2/repository/mysql/mysql-connector-java/8.0.23/mysql-connector-java-8.0.23.jar:/home/bootlooparn/.m2/repository/org/apache/commons/commons-lang3/3.8.1/commons-lang3-3.8.1.jar:/home/bootlooparn/.m2/repository/org/apache/maven/plugins/maven-assembly-plugin/3.3.0/maven-assembly-plugin-3.3.0.jar:/home/bootlooparn/.m2/repository/org/apache/maven/maven-plugin-api/3.0/maven-plugin-api-3.0.jar:/home/bootlooparn/.m2/repository/org/sonatype/sisu/sisu-inject-plexus/1.4.2/sisu-inject-plexus-1.4.2.jar:/home/bootlooparn/.m2/repository/org/sonatype/sisu/sisu-inject-bean/1.4.2/sisu-inject-bean-1.4.2.jar:/home/bootlooparn/.m2/repository/org/sonatype/sisu/sisu-guice/2.1.7/sisu-guice-2.1.7-noaop.jar:/home/bootlooparn/.m2/repository/org/apache/maven/maven-core/3.0/maven-core-3.0.jar:/home/bootlooparn/.m2/repository/org/apache/maven/maven-settings/3.0/maven-settings-3.0.jar:/home/bootlooparn/.m2/repository/org/apache/maven/maven-settings-builder/3.0/maven-settings-builder-3.0.jar:/home/bootlooparn/.m2/repository/org/apache/maven/maven-repository-metadata/3.0/maven-repository-metadata-3.0.jar:/home/bootlooparn/.m2/repository/org/apache/maven/maven-model-builder/3.0/maven-model-builder-3.0.jar:/home/bootlooparn/.m2/repository/org/apache/maven/maven-aether-provider/3.0/maven-aether-provider-3.0.jar:/home/bootlooparn/.m2/repository/org/sonatype/aether/aether-impl/1.7/aether-impl-1.7.jar:/home/bootlooparn/.m2/repository/org/sonatype/aether/aether-spi/1.7/aether-spi-1.7.jar:/home/bootlooparn/.m2/repository/org/sonatype/aether/aether-api/1.7/aether-api-1.7.jar:/home/bootlooparn/.m2/repository/org/sonatype/aether/aether-util/1.7/aether-util-1.7.jar:/home/bootlooparn/.m2/repository/org/codehaus/plexus/plexus-classworlds/2.2.3/plexus-classworlds-2.2.3.jar:/home/bootlooparn/.m2/repository/org/codehaus/plexus/plexus-component-annotations/1.5.5/plexus-component-annotations-1.5.5.jar:/home/bootlooparn/.m2/repository/org/sonatype/plexus/plexus-sec-dispatcher/1.3/plexus-sec-dispatcher-1.3.jar:/home/bootlooparn/.m2/repository/org/sonatype/plexus/plexus-cipher/1.4/plexus-cipher-1.4.jar:/home/bootlooparn/.m2/repository/org/apache/maven/maven-artifact/3.0/maven-artifact-3.0.jar:/home/bootlooparn/.m2/repository/org/apache/maven/maven-model/3.0/maven-model-3.0.jar:/home/bootlooparn/.m2/repository/org/apache/maven/shared/maven-common-artifact-filters/3.1.0/maven-common-artifact-filters-3.1.0.jar:/home/bootlooparn/.m2/repository/org/apache/maven/shared/maven-shared-utils/3.1.0/maven-shared-utils-3.1.0.jar:/home/bootlooparn/.m2/repository/org/apache/maven/shared/maven-artifact-transfer/0.11.0/maven-artifact-transfer-0.11.0.jar:/home/bootlooparn/.m2/repository/org/slf4j/slf4j-api/1.7.30/slf4j-api-1.7.30.jar:/home/bootlooparn/.m2/repository/org/codehaus/plexus/plexus-interpolation/1.25/plexus-interpolation-1.25.jar:/home/bootlooparn/.m2/repository/org/codehaus/plexus/plexus-archiver/4.2.1/plexus-archiver-4.2.1.jar:/home/bootlooparn/.m2/repository/org/apache/commons/commons-compress/1.19/commons-compress-1.19.jar:/home/bootlooparn/.m2/repository/org/iq80/snappy/snappy/0.4/snappy-0.4.jar:/home/bootlooparn/.m2/repository/org/tukaani/xz/1.8/xz-1.8.jar:/home/bootlooparn/.m2/repository/org/apache/maven/shared/file-management/3.0.0/file-management-3.0.0.jar:/home/bootlooparn/.m2/repository/org/apache/maven/shared/maven-shared-io/3.0.0/maven-shared-io-3.0.0.jar:/home/bootlooparn/.m2/repository/org/apache/maven/maven-compat/3.0/maven-compat-3.0.jar:/home/bootlooparn/.m2/repository/org/apache/maven/wagon/wagon-provider-api/2.10/wagon-provider-api-2.10.jar:/home/bootlooparn/.m2/repository/commons-io/commons-io/2.5/commons-io-2.5.jar:/home/bootlooparn/.m2/repository/org/apache/maven/shared/maven-filtering/3.1.1/maven-filtering-3.1.1.jar:/home/bootlooparn/.m2/repository/org/sonatype/plexus/plexus-build-api/0.0.7/plexus-build-api-0.0.7.jar:/home/bootlooparn/.m2/repository/org/codehaus/plexus/plexus-io/3.2.0/plexus-io-3.2.0.jar:/home/bootlooparn/.m2/repository/org/apache/maven/maven-archiver/3.5.0/maven-archiver-3.5.0.jar:/home/bootlooparn/.m2/repository/org/codehaus/plexus/plexus-utils/3.3.0/plexus-utils-3.3.0.jar:/home/bootlooparn/.m2/repository/commons-codec/commons-codec/1.15/commons-codec-1.15.jar:/home/bootlooparn/.m2/repository/org/springframework/boot/spring-boot-starter-web/2.4.2/spring-boot-starter-web-2.4.2.jar:/home/bootlooparn/.m2/repository/org/springframework/boot/spring-boot-starter/2.4.2/spring-boot-starter-2.4.2.jar:/home/bootlooparn/.m2/repository/org/springframework/boot/spring-boot/2.4.2/spring-boot-2.4.2.jar:/home/bootlooparn/.m2/repository/org/springframework/boot/spring-boot-autoconfigure/2.4.2/spring-boot-autoconfigure-2.4.2.jar:/home/bootlooparn/.m2/repository/org/springframework/boot/spring-boot-starter-logging/2.4.2/spring-boot-starter-logging-2.4.2.jar:/home/bootlooparn/.m2/repository/ch/qos/logback/logback-classic/1.2.3/logback-classic-1.2.3.jar:/home/bootlooparn/.m2/repository/ch/qos/logback/logback-core/1.2.3/logback-core-1.2.3.jar:/home/bootlooparn/.m2/repository/org/apache/logging/log4j/log4j-to-slf4j/2.13.3/log4j-to-slf4j-2.13.3.jar:/home/bootlooparn/.m2/repository/org/apache/logging/log4j/log4j-api/2.13.3/log4j-api-2.13.3.jar:/home/bootlooparn/.m2/repository/org/slf4j/jul-to-slf4j/1.7.30/jul-to-slf4j-1.7.30.jar:/home/bootlooparn/.m2/repository/jakarta/annotation/jakarta.annotation-api/1.3.5/jakarta.annotation-api-1.3.5.jar:/home/bootlooparn/.m2/repository/org/yaml/snakeyaml/1.27/snakeyaml-1.27.jar:/home/bootlooparn/.m2/repository/org/springframework/boot/spring-boot-starter-json/2.4.2/spring-boot-starter-json-2.4.2.jar:/home/bootlooparn/.m2/repository/com/fasterxml/jackson/datatype/jackson-datatype-jdk8/2.11.4/jackson-datatype-jdk8-2.11.4.jar:/home/bootlooparn/.m2/repository/com/fasterxml/jackson/datatype/jackson-datatype-jsr310/2.11.4/jackson-datatype-jsr310-2.11.4.jar:/home/bootlooparn/.m2/repository/com/fasterxml/jackson/module/jackson-module-parameter-names/2.11.4/jackson-module-parameter-names-2.11.4.jar:/home/bootlooparn/.m2/repository/org/springframework/boot/spring-boot-starter-tomcat/2.4.2/spring-boot-starter-tomcat-2.4.2.jar:/home/bootlooparn/.m2/repository/org/apache/tomcat/embed/tomcat-embed-core/9.0.41/tomcat-embed-core-9.0.41.jar:/home/bootlooparn/.m2/repository/org/glassfish/jakarta.el/3.0.3/jakarta.el-3.0.3.jar:/home/bootlooparn/.m2/repository/org/apache/tomcat/embed/tomcat-embed-websocket/9.0.41/tomcat-embed-websocket-9.0.41.jar:/home/bootlooparn/.m2/repository/org/springframework/spring-web/5.3.3/spring-web-5.3.3.jar:/home/bootlooparn/.m2/repository/org/springframework/spring-beans/5.3.3/spring-beans-5.3.3.jar:/home/bootlooparn/.m2/repository/org/springframework/spring-webmvc/5.3.3/spring-webmvc-5.3.3.jar:/home/bootlooparn/.m2/repository/org/springframework/spring-aop/5.3.3/spring-aop-5.3.3.jar:/home/bootlooparn/.m2/repository/org/springframework/spring-context/5.3.3/spring-context-5.3.3.jar:/home/bootlooparn/.m2/repository/org/springframework/spring-expression/5.3.3/spring-expression-5.3.3.jar:/home/bootlooparn/.m2/repository/org/springframework/boot/spring-boot-starter-test/2.4.2/spring-boot-starter-test-2.4.2.jar:/home/bootlooparn/.m2/repository/org/springframework/boot/spring-boot-test/2.4.2/spring-boot-test-2.4.2.jar:/home/bootlooparn/.m2/repository/org/springframework/boot/spring-boot-test-autoconfigure/2.4.2/spring-boot-test-autoconfigure-2.4.2.jar:/home/bootlooparn/.m2/repository/com/jayway/jsonpath/json-path/2.4.0/json-path-2.4.0.jar:/home/bootlooparn/.m2/repository/net/minidev/json-smart/2.3/json-smart-2.3.jar:/home/bootlooparn/.m2/repository/net/minidev/accessors-smart/1.2/accessors-smart-1.2.jar:/home/bootlooparn/.m2/repository/org/ow2/asm/asm/5.0.4/asm-5.0.4.jar:/home/bootlooparn/.m2/repository/jakarta/xml/bind/jakarta.xml.bind-api/2.3.3/jakarta.xml.bind-api-2.3.3.jar:/home/bootlooparn/.m2/repository/jakarta/activation/jakarta.activation-api/1.2.2/jakarta.activation-api-1.2.2.jar:/home/bootlooparn/.m2/repository/org/assertj/assertj-core/3.18.1/assertj-core-3.18.1.jar:/home/bootlooparn/.m2/repository/org/hamcrest/hamcrest/2.2/hamcrest-2.2.jar:/home/bootlooparn/.m2/repository/org/junit/jupiter/junit-jupiter/5.7.0/junit-jupiter-5.7.0.jar:/home/bootlooparn/.m2/repository/org/junit/jupiter/junit-jupiter-api/5.7.0/junit-jupiter-api-5.7.0.jar:/home/bootlooparn/.m2/repository/org/apiguardian/apiguardian-api/1.1.0/apiguardian-api-1.1.0.jar:/home/bootlooparn/.m2/repository/org/opentest4j/opentest4j/1.2.0/opentest4j-1.2.0.jar:/home/bootlooparn/.m2/repository/org/junit/platform/junit-platform-commons/1.7.0/junit-platform-commons-1.7.0.jar:/home/bootlooparn/.m2/repository/org/junit/jupiter/junit-jupiter-params/5.7.0/junit-jupiter-params-5.7.0.jar:/home/bootlooparn/.m2/repository/org/junit/jupiter/junit-jupiter-engine/5.7.0/junit-jupiter-engine-5.7.0.jar:/home/bootlooparn/.m2/repository/org/junit/platform/junit-platform-engine/1.7.0/junit-platform-engine-1.7.0.jar:/home/bootlooparn/.m2/repository/org/mockito/mockito-core/3.6.28/mockito-core-3.6.28.jar:/home/bootlooparn/.m2/repository/net/bytebuddy/byte-buddy-agent/1.10.19/byte-buddy-agent-1.10.19.jar:/home/bootlooparn/.m2/repository/org/objenesis/objenesis/3.1/objenesis-3.1.jar:/home/bootlooparn/.m2/repository/org/mockito/mockito-junit-jupiter/3.6.28/mockito-junit-jupiter-3.6.28.jar:/home/bootlooparn/.m2/repository/org/skyscreamer/jsonassert/1.5.0/jsonassert-1.5.0.jar:/home/bootlooparn/.m2/repository/org/springframework/spring-core/5.3.3/spring-core-5.3.3.jar:/home/bootlooparn/.m2/repository/org/springframework/spring-jcl/5.3.3/spring-jcl-5.3.3.jar:/home/bootlooparn/.m2/repository/org/springframework/spring-test/5.3.3/spring-test-5.3.3.jar:/home/bootlooparn/.m2/repository/org/xmlunit/xmlunit-core/2.7.0/xmlunit-core-2.7.0.jar:"/>
    <property name="java.vm.vendor" value="Private Build"/>
    <property name="sun.arch.data.model" value="64"/>
    <property name="java.vendor.url" value="Unknown"/>
    <property name="os.name" value="Linux"/>
    <property name="java.vm.specification.version" value="13"/>
    <property name="sun.java.launcher" value="SUN_STANDARD"/>
    <property name="user.country" value="US"/>
    <property name="sun.boot.library.path" value="/usr/lib/jvm/java-13-openjdk-amd64/lib"/>
    <property name="sun.java.command" value="/home/bootlooparn/Gitlab/mysaly-bookkeeping/target/surefire/surefirebooter2927196241633680128.jar /home/bootlooparn/Gitlab/mysaly-bookkeeping/target/surefire 2021-02-16T17-46-31_922-jvmRun1 surefire6815960387292720047tmp surefire_0786249198455027996tmp"/>
    <property name="jdk.debug" value="release"/>
    <property name="surefire.test.class.path" value="/home/bootlooparn/Gitlab/mysaly-bookkeeping/target/test-classes:/home/bootlooparn/Gitlab/mysaly-bookkeeping/target/classes:/home/bootlooparn/.m2/repository/com/fasterxml/jackson/core/jackson-databind/2.11.3/jackson-databind-2.11.3.jar:/home/bootlooparn/.m2/repository/com/fasterxml/jackson/core/jackson-annotations/2.11.4/jackson-annotations-2.11.4.jar:/home/bootlooparn/.m2/repository/com/fasterxml/jackson/core/jackson-core/2.11.4/jackson-core-2.11.4.jar:/home/bootlooparn/.m2/repository/com/vaadin/external/google/android-json/0.0.20131108.vaadin1/android-json-0.0.20131108.vaadin1.jar:/home/bootlooparn/.m2/repository/org/projectlombok/lombok/1.18.18/lombok-1.18.18.jar:/home/bootlooparn/.m2/repository/org/hibernate/hibernate-core/5.4.27.Final/hibernate-core-5.4.27.Final.jar:/home/bootlooparn/.m2/repository/org/jboss/logging/jboss-logging/3.4.1.Final/jboss-logging-3.4.1.Final.jar:/home/bootlooparn/.m2/repository/javax/persistence/javax.persistence-api/2.2/javax.persistence-api-2.2.jar:/home/bootlooparn/.m2/repository/org/javassist/javassist/3.27.0-GA/javassist-3.27.0-GA.jar:/home/bootlooparn/.m2/repository/net/bytebuddy/byte-buddy/1.10.19/byte-buddy-1.10.19.jar:/home/bootlooparn/.m2/repository/antlr/antlr/2.7.7/antlr-2.7.7.jar:/home/bootlooparn/.m2/repository/org/jboss/spec/javax/transaction/jboss-transaction-api_1.2_spec/1.1.1.Final/jboss-transaction-api_1.2_spec-1.1.1.Final.jar:/home/bootlooparn/.m2/repository/org/jboss/jandex/2.1.3.Final/jandex-2.1.3.Final.jar:/home/bootlooparn/.m2/repository/com/fasterxml/classmate/1.5.1/classmate-1.5.1.jar:/home/bootlooparn/.m2/repository/javax/activation/javax.activation-api/1.2.0/javax.activation-api-1.2.0.jar:/home/bootlooparn/.m2/repository/org/dom4j/dom4j/2.1.3/dom4j-2.1.3.jar:/home/bootlooparn/.m2/repository/org/hibernate/common/hibernate-commons-annotations/5.1.2.Final/hibernate-commons-annotations-5.1.2.Final.jar:/home/bootlooparn/.m2/repository/javax/xml/bind/jaxb-api/2.3.1/jaxb-api-2.3.1.jar:/home/bootlooparn/.m2/repository/org/glassfish/jaxb/jaxb-runtime/2.3.3/jaxb-runtime-2.3.3.jar:/home/bootlooparn/.m2/repository/org/glassfish/jaxb/txw2/2.3.3/txw2-2.3.3.jar:/home/bootlooparn/.m2/repository/com/sun/istack/istack-commons-runtime/3.0.11/istack-commons-runtime-3.0.11.jar:/home/bootlooparn/.m2/repository/com/sun/activation/jakarta.activation/1.2.2/jakarta.activation-1.2.2.jar:/home/bootlooparn/.m2/repository/mysql/mysql-connector-java/8.0.23/mysql-connector-java-8.0.23.jar:/home/bootlooparn/.m2/repository/org/apache/commons/commons-lang3/3.8.1/commons-lang3-3.8.1.jar:/home/bootlooparn/.m2/repository/org/apache/maven/plugins/maven-assembly-plugin/3.3.0/maven-assembly-plugin-3.3.0.jar:/home/bootlooparn/.m2/repository/org/apache/maven/maven-plugin-api/3.0/maven-plugin-api-3.0.jar:/home/bootlooparn/.m2/repository/org/sonatype/sisu/sisu-inject-plexus/1.4.2/sisu-inject-plexus-1.4.2.jar:/home/bootlooparn/.m2/repository/org/sonatype/sisu/sisu-inject-bean/1.4.2/sisu-inject-bean-1.4.2.jar:/home/bootlooparn/.m2/repository/org/sonatype/sisu/sisu-guice/2.1.7/sisu-guice-2.1.7-noaop.jar:/home/bootlooparn/.m2/repository/org/apache/maven/maven-core/3.0/maven-core-3.0.jar:/home/bootlooparn/.m2/repository/org/apache/maven/maven-settings/3.0/maven-settings-3.0.jar:/home/bootlooparn/.m2/repository/org/apache/maven/maven-settings-builder/3.0/maven-settings-builder-3.0.jar:/home/bootlooparn/.m2/repository/org/apache/maven/maven-repository-metadata/3.0/maven-repository-metadata-3.0.jar:/home/bootlooparn/.m2/repository/org/apache/maven/maven-model-builder/3.0/maven-model-builder-3.0.jar:/home/bootlooparn/.m2/repository/org/apache/maven/maven-aether-provider/3.0/maven-aether-provider-3.0.jar:/home/bootlooparn/.m2/repository/org/sonatype/aether/aether-impl/1.7/aether-impl-1.7.jar:/home/bootlooparn/.m2/repository/org/sonatype/aether/aether-spi/1.7/aether-spi-1.7.jar:/home/bootlooparn/.m2/repository/org/sonatype/aether/aether-api/1.7/aether-api-1.7.jar:/home/bootlooparn/.m2/repository/org/sonatype/aether/aether-util/1.7/aether-util-1.7.jar:/home/bootlooparn/.m2/repository/org/codehaus/plexus/plexus-classworlds/2.2.3/plexus-classworlds-2.2.3.jar:/home/bootlooparn/.m2/repository/org/codehaus/plexus/plexus-component-annotations/1.5.5/plexus-component-annotations-1.5.5.jar:/home/bootlooparn/.m2/repository/org/sonatype/plexus/plexus-sec-dispatcher/1.3/plexus-sec-dispatcher-1.3.jar:/home/bootlooparn/.m2/repository/org/sonatype/plexus/plexus-cipher/1.4/plexus-cipher-1.4.jar:/home/bootlooparn/.m2/repository/org/apache/maven/maven-artifact/3.0/maven-artifact-3.0.jar:/home/bootlooparn/.m2/repository/org/apache/maven/maven-model/3.0/maven-model-3.0.jar:/home/bootlooparn/.m2/repository/org/apache/maven/shared/maven-common-artifact-filters/3.1.0/maven-common-artifact-filters-3.1.0.jar:/home/bootlooparn/.m2/repository/org/apache/maven/shared/maven-shared-utils/3.1.0/maven-shared-utils-3.1.0.jar:/home/bootlooparn/.m2/repository/org/apache/maven/shared/maven-artifact-transfer/0.11.0/maven-artifact-transfer-0.11.0.jar:/home/bootlooparn/.m2/repository/org/slf4j/slf4j-api/1.7.30/slf4j-api-1.7.30.jar:/home/bootlooparn/.m2/repository/org/codehaus/plexus/plexus-interpolation/1.25/plexus-interpolation-1.25.jar:/home/bootlooparn/.m2/repository/org/codehaus/plexus/plexus-archiver/4.2.1/plexus-archiver-4.2.1.jar:/home/bootlooparn/.m2/repository/org/apache/commons/commons-compress/1.19/commons-compress-1.19.jar:/home/bootlooparn/.m2/repository/org/iq80/snappy/snappy/0.4/snappy-0.4.jar:/home/bootlooparn/.m2/repository/org/tukaani/xz/1.8/xz-1.8.jar:/home/bootlooparn/.m2/repository/org/apache/maven/shared/file-management/3.0.0/file-management-3.0.0.jar:/home/bootlooparn/.m2/repository/org/apache/maven/shared/maven-shared-io/3.0.0/maven-shared-io-3.0.0.jar:/home/bootlooparn/.m2/repository/org/apache/maven/maven-compat/3.0/maven-compat-3.0.jar:/home/bootlooparn/.m2/repository/org/apache/maven/wagon/wagon-provider-api/2.10/wagon-provider-api-2.10.jar:/home/bootlooparn/.m2/repository/commons-io/commons-io/2.5/commons-io-2.5.jar:/home/bootlooparn/.m2/repository/org/apache/maven/shared/maven-filtering/3.1.1/maven-filtering-3.1.1.jar:/home/bootlooparn/.m2/repository/org/sonatype/plexus/plexus-build-api/0.0.7/plexus-build-api-0.0.7.jar:/home/bootlooparn/.m2/repository/org/codehaus/plexus/plexus-io/3.2.0/plexus-io-3.2.0.jar:/home/bootlooparn/.m2/repository/org/apache/maven/maven-archiver/3.5.0/maven-archiver-3.5.0.jar:/home/bootlooparn/.m2/repository/org/codehaus/plexus/plexus-utils/3.3.0/plexus-utils-3.3.0.jar:/home/bootlooparn/.m2/repository/commons-codec/commons-codec/1.15/commons-codec-1.15.jar:/home/bootlooparn/.m2/repository/org/springframework/boot/spring-boot-starter-web/2.4.2/spring-boot-starter-web-2.4.2.jar:/home/bootlooparn/.m2/repository/org/springframework/boot/spring-boot-starter/2.4.2/spring-boot-starter-2.4.2.jar:/home/bootlooparn/.m2/repository/org/springframework/boot/spring-boot/2.4.2/spring-boot-2.4.2.jar:/home/bootlooparn/.m2/repository/org/springframework/boot/spring-boot-autoconfigure/2.4.2/spring-boot-autoconfigure-2.4.2.jar:/home/bootlooparn/.m2/repository/org/springframework/boot/spring-boot-starter-logging/2.4.2/spring-boot-starter-logging-2.4.2.jar:/home/bootlooparn/.m2/repository/ch/qos/logback/logback-classic/1.2.3/logback-classic-1.2.3.jar:/home/bootlooparn/.m2/repository/ch/qos/logback/logback-core/1.2.3/logback-core-1.2.3.jar:/home/bootlooparn/.m2/repository/org/apache/logging/log4j/log4j-to-slf4j/2.13.3/log4j-to-slf4j-2.13.3.jar:/home/bootlooparn/.m2/repository/org/apache/logging/log4j/log4j-api/2.13.3/log4j-api-2.13.3.jar:/home/bootlooparn/.m2/repository/org/slf4j/jul-to-slf4j/1.7.30/jul-to-slf4j-1.7.30.jar:/home/bootlooparn/.m2/repository/jakarta/annotation/jakarta.annotation-api/1.3.5/jakarta.annotation-api-1.3.5.jar:/home/bootlooparn/.m2/repository/org/yaml/snakeyaml/1.27/snakeyaml-1.27.jar:/home/bootlooparn/.m2/repository/org/springframework/boot/spring-boot-starter-json/2.4.2/spring-boot-starter-json-2.4.2.jar:/home/bootlooparn/.m2/repository/com/fasterxml/jackson/datatype/jackson-datatype-jdk8/2.11.4/jackson-datatype-jdk8-2.11.4.jar:/home/bootlooparn/.m2/repository/com/fasterxml/jackson/datatype/jackson-datatype-jsr310/2.11.4/jackson-datatype-jsr310-2.11.4.jar:/home/bootlooparn/.m2/repository/com/fasterxml/jackson/module/jackson-module-parameter-names/2.11.4/jackson-module-parameter-names-2.11.4.jar:/home/bootlooparn/.m2/repository/org/springframework/boot/spring-boot-starter-tomcat/2.4.2/spring-boot-starter-tomcat-2.4.2.jar:/home/bootlooparn/.m2/repository/org/apache/tomcat/embed/tomcat-embed-core/9.0.41/tomcat-embed-core-9.0.41.jar:/home/bootlooparn/.m2/repository/org/glassfish/jakarta.el/3.0.3/jakarta.el-3.0.3.jar:/home/bootlooparn/.m2/repository/org/apache/tomcat/embed/tomcat-embed-websocket/9.0.41/tomcat-embed-websocket-9.0.41.jar:/home/bootlooparn/.m2/repository/org/springframework/spring-web/5.3.3/spring-web-5.3.3.jar:/home/bootlooparn/.m2/repository/org/springframework/spring-beans/5.3.3/spring-beans-5.3.3.jar:/home/bootlooparn/.m2/repository/org/springframework/spring-webmvc/5.3.3/spring-webmvc-5.3.3.jar:/home/bootlooparn/.m2/repository/org/springframework/spring-aop/5.3.3/spring-aop-5.3.3.jar:/home/bootlooparn/.m2/repository/org/springframework/spring-context/5.3.3/spring-context-5.3.3.jar:/home/bootlooparn/.m2/repository/org/springframework/spring-expression/5.3.3/spring-expression-5.3.3.jar:/home/bootlooparn/.m2/repository/org/springframework/boot/spring-boot-starter-test/2.4.2/spring-boot-starter-test-2.4.2.jar:/home/bootlooparn/.m2/repository/org/springframework/boot/spring-boot-test/2.4.2/spring-boot-test-2.4.2.jar:/home/bootlooparn/.m2/repository/org/springframework/boot/spring-boot-test-autoconfigure/2.4.2/spring-boot-test-autoconfigure-2.4.2.jar:/home/bootlooparn/.m2/repository/com/jayway/jsonpath/json-path/2.4.0/json-path-2.4.0.jar:/home/bootlooparn/.m2/repository/net/minidev/json-smart/2.3/json-smart-2.3.jar:/home/bootlooparn/.m2/repository/net/minidev/accessors-smart/1.2/accessors-smart-1.2.jar:/home/bootlooparn/.m2/repository/org/ow2/asm/asm/5.0.4/asm-5.0.4.jar:/home/bootlooparn/.m2/repository/jakarta/xml/bind/jakarta.xml.bind-api/2.3.3/jakarta.xml.bind-api-2.3.3.jar:/home/bootlooparn/.m2/repository/jakarta/activation/jakarta.activation-api/1.2.2/jakarta.activation-api-1.2.2.jar:/home/bootlooparn/.m2/repository/org/assertj/assertj-core/3.18.1/assertj-core-3.18.1.jar:/home/bootlooparn/.m2/repository/org/hamcrest/hamcrest/2.2/hamcrest-2.2.jar:/home/bootlooparn/.m2/repository/org/junit/jupiter/junit-jupiter/5.7.0/junit-jupiter-5.7.0.jar:/home/bootlooparn/.m2/repository/org/junit/jupiter/junit-jupiter-api/5.7.0/junit-jupiter-api-5.7.0.jar:/home/bootlooparn/.m2/repository/org/apiguardian/apiguardian-api/1.1.0/apiguardian-api-1.1.0.jar:/home/bootlooparn/.m2/repository/org/opentest4j/opentest4j/1.2.0/opentest4j-1.2.0.jar:/home/bootlooparn/.m2/repository/org/junit/platform/junit-platform-commons/1.7.0/junit-platform-commons-1.7.0.jar:/home/bootlooparn/.m2/repository/org/junit/jupiter/junit-jupiter-params/5.7.0/junit-jupiter-params-5.7.0.jar:/home/bootlooparn/.m2/repository/org/junit/jupiter/junit-jupiter-engine/5.7.0/junit-jupiter-engine-5.7.0.jar:/home/bootlooparn/.m2/repository/org/junit/platform/junit-platform-engine/1.7.0/junit-platform-engine-1.7.0.jar:/home/bootlooparn/.m2/repository/org/mockito/mockito-core/3.6.28/mockito-core-3.6.28.jar:/home/bootlooparn/.m2/repository/net/bytebuddy/byte-buddy-agent/1.10.19/byte-buddy-agent-1.10.19.jar:/home/bootlooparn/.m2/repository/org/objenesis/objenesis/3.1/objenesis-3.1.jar:/home/bootlooparn/.m2/repository/org/mockito/mockito-junit-jupiter/3.6.28/mockito-junit-jupiter-3.6.28.jar:/home/bootlooparn/.m2/repository/org/skyscreamer/jsonassert/1.5.0/jsonassert-1.5.0.jar:/home/bootlooparn/.m2/repository/org/springframework/spring-core/5.3.3/spring-core-5.3.3.jar:/home/bootlooparn/.m2/repository/org/springframework/spring-jcl/5.3.3/spring-jcl-5.3.3.jar:/home/bootlooparn/.m2/repository/org/springframework/spring-test/5.3.3/spring-test-5.3.3.jar:/home/bootlooparn/.m2/repository/org/xmlunit/xmlunit-core/2.7.0/xmlunit-core-2.7.0.jar:"/>
    <property name="sun.cpu.endian" value="little"/>
    <property name="user.home" value="/home/bootlooparn"/>
    <property name="user.language" value="en"/>
    <property name="java.specification.vendor" value="Oracle Corporation"/>
    <property name="java.version.date" value="2020-07-14"/>
    <property name="java.home" value="/usr/lib/jvm/java-13-openjdk-amd64"/>
    <property name="file.separator" value="/"/>
    <property name="basedir" value="/home/bootlooparn/Gitlab/mysaly-bookkeeping"/>
    <property name="java.vm.compressedOopsMode" value="Zero based"/>
    <property name="line.separator" value="&#10;"/>
    <property name="java.vm.specification.vendor" value="Oracle Corporation"/>
    <property name="java.specification.name" value="Java Platform API Specification"/>
    <property name="surefire.real.class.path" value="/home/bootlooparn/Gitlab/mysaly-bookkeeping/target/surefire/surefirebooter2927196241633680128.jar"/>
    <property name="sun.management.compiler" value="HotSpot 64-Bit Tiered Compilers"/>
    <property name="java.runtime.version" value="13.0.4+8-Ubuntu-120.04"/>
    <property name="user.name" value="bootlooparn"/>
    <property name="path.separator" value=":"/>
    <property name="os.version" value="5.8.0-43-generic"/>
    <property name="java.runtime.name" value="OpenJDK Runtime Environment"/>
    <property name="file.encoding" value="UTF-8"/>
    <property name="java.vm.name" value="OpenJDK 64-Bit Server VM"/>
    <property name="localRepository" value="/home/bootlooparn/.m2/repository"/>
    <property name="java.vendor.url.bug" value="Unknown"/>
    <property name="java.io.tmpdir" value="/tmp"/>
    <property name="java.version" value="13.0.4"/>
    <property name="user.dir" value="/home/bootlooparn/Gitlab/mysaly-bookkeeping"/>
    <property name="os.arch" value="amd64"/>
    <property name="java.vm.specification.name" value="Java Virtual Machine Specification"/>
    <property name="java.library.path" value="/usr/java/packages/lib:/usr/lib/x86_64-linux-gnu/jni:/lib/x86_64-linux-gnu:/usr/lib/x86_64-linux-gnu:/usr/lib/jni:/lib:/usr/lib"/>
    <property name="java.vm.info" value="mixed mode"/>
    <property name="java.vendor" value="Private Build"/>
    <property name="java.vm.version" value="13.0.4+8-Ubuntu-120.04"/>
    <property name="sun.io.unicode.encoding" value="UnicodeLittle"/>
    <property name="java.class.version" value="57.0"/>
  </properties>
  <testcase name="contextLoads" classname="com.mysaly.bookkeeping.BookkeepingApplicationTests" time="0.166"/>
</testsuite>